<?xml version="1.0" encoding="UTF-8"?>
<!-- Generated by org.testng.reporters.JUnitReportReporter -->
<testsuite hostname="DESKTOP-MENTDI6" failures="0" tests="3" name="testngpack.Crossbrowsr" time="32.722" errors="0" timestamp="2023-03-03T12:21:53 IST" skipped="0">
  <testcase classname="testngpack.Crossbrowsr" name="test" time="8.070"/>
  <system-out/>
  <testcase classname="testngpack.Crossbrowsr" name="test" time="16.007"/>
  <system-out/>
  <testcase classname="testngpack.Crossbrowsr" name="test" time="8.645"/>
  <system-out/>
</testsuite> <!-- testngpack.Crossbrowsr -->
