<?xml version="1.0" encoding="UTF-8"?>
<!-- Generated by org.testng.reporters.JUnitReportReporter -->
<testsuite hostname="DESKTOP-MENTDI6" failures="0" tests="1" name="testngpack.Autoitfileupload" time="10.308" errors="0" timestamp="2023-03-08T11:12:30 IST" skipped="0">
  <testcase classname="testngpack.Autoitfileupload" name="test" time="10.308"/>
  <system-out/>
</testsuite> <!-- testngpack.Autoitfileupload -->
