<?xml version="1.0" encoding="UTF-8"?>
<!-- Generated by org.testng.reporters.JUnitReportReporter -->
<testsuite hostname="DESKTOP-MENTDI6" failures="0" tests="1" name="testngpack.Ebay" time="8.756" errors="0" timestamp="2023-03-02T11:28:11 IST" skipped="0">
  <testcase classname="testngpack.Ebay" name="test" time="8.756"/>
  <system-out/>
</testsuite> <!-- testngpack.Ebay -->
