<?xml version="1.0" encoding="UTF-8"?>
<!-- Generated by org.testng.reporters.JUnitReportReporter -->
<testsuite hostname="DESKTOP-MENTDI6" failures="0" tests="1" name="testngpack.Parametrtest" time="0.023" errors="0" timestamp="2023-03-08T11:09:54 IST" skipped="0">
  <testcase classname="testngpack.Parametrtest" name="parametr" time="0.023"/>
  <system-out/>
</testsuite> <!-- testngpack.Parametrtest -->
