<?xml version="1.0" encoding="UTF-8"?>
<!-- Generated by org.testng.reporters.JUnitReportReporter -->
<testsuite hostname="DESKTOP-MENTDI6" failures="0" tests="3" name="testngpack.Redifftestng" time="2.344" errors="0" timestamp="2023-02-27T11:37:07 IST" skipped="0">
  <testcase classname="testngpack.Redifftestng" name="test3" time="1.046"/>
  <system-out/>
  <testcase classname="testngpack.Redifftestng" name="test1" time="0.692"/>
  <system-out/>
  <testcase classname="testngpack.Redifftestng" name="test2" time="0.606"/>
  <system-out/>
</testsuite> <!-- testngpack.Redifftestng -->
