<?xml version="1.0" encoding="UTF-8"?>
<!-- Generated by org.testng.reporters.JUnitReportReporter -->
<testsuite hostname="DESKTOP-MENTDI6" failures="0" tests="1" name="tests.Fblogintest" time="0.548" errors="0" timestamp="2023-03-21T10:57:56 IST" skipped="0">
  <testcase classname="tests.Fblogintest" name="testlogin" time="0.548"/>
  <system-out/>
</testsuite> <!-- tests.Fblogintest -->
