<?xml version="1.0" encoding="UTF-8"?>
<!-- Generated by org.testng.reporters.JUnitReportReporter -->
<testsuite hostname="DESKTOP-MENTDI6" failures="0" tests="5" name="testngpack.Testngdemo" time="3.659" errors="0" timestamp="2023-02-27T23:49:49 IST" skipped="1">
  <testcase classname="testngpack.Testngdemo" name="test1" time="0.738"/>
  <system-out/>
  <testcase classname="testngpack.Testngdemo" name="test1" time="0.745"/>
  <system-out/>
  <testcase classname="testngpack.Testngdemo" name="test1" time="0.683"/>
  <system-out/>
  <testcase classname="testngpack.Testngdemo" name="test3" time="1.493"/>
  <system-out/>
  <testcase classname="testngpack.Testngdemo" name="test2">
    <skipped/>
  </testcase> <!-- test2 -->
  <system-out/>
</testsuite> <!-- testngpack.Testngdemo -->
