<?xml version="1.0" encoding="UTF-8"?>
<!-- Generated by org.testng.reporters.JUnitReportReporter -->
<testsuite hostname="DESKTOP-MENTDI6" failures="0" tests="1" name="testngpack.Robotfileupload" time="7.959" errors="0" timestamp="2023-03-07T11:34:52 IST" skipped="0">
  <testcase classname="testngpack.Robotfileupload" name="test" time="7.959"/>
  <system-out/>
</testsuite> <!-- testngpack.Robotfileupload -->
