<?xml version="1.0" encoding="UTF-8"?>
<!-- Generated by org.testng.reporters.JUnitReportReporter -->
<testsuite hostname="DESKTOP-MENTDI6" failures="0" tests="1" name="testngpack.Actns" time="2.019" errors="0" timestamp="2023-02-27T11:58:04 IST" skipped="0">
  <testcase classname="testngpack.Actns" name="test3" time="2.019"/>
  <system-out/>
</testsuite> <!-- testngpack.Actns -->
