<?xml version="1.0" encoding="UTF-8"?>
<!-- Generated by org.testng.reporters.JUnitReportReporter -->
<testsuite hostname="DESKTOP-MENTDI6" failures="0" tests="1" name="testngpack.Datadrivntestn" time="6.006" errors="0" timestamp="2023-03-06T12:01:33 IST" skipped="0">
  <testcase classname="testngpack.Datadrivntestn" name="test" time="6.006"/>
  <system-out/>
</testsuite> <!-- testngpack.Datadrivntestn -->
