<?xml version="1.0" encoding="UTF-8"?>
<!-- Generated by org.testng.reporters.JUnitReportReporter -->
<testsuite hostname="DESKTOP-MENTDI6" failures="0" tests="1" name="testngpack.Guru99" time="5.769" errors="0" timestamp="2023-03-02T12:23:06 IST" skipped="0">
  <testcase classname="testngpack.Guru99" name="test1" time="5.769"/>
  <system-out/>
</testsuite> <!-- testngpack.Guru99 -->
