<?xml version="1.0" encoding="UTF-8"?>
<!-- Generated by org.testng.reporters.JUnitReportReporter -->
<testsuite hostname="DESKTOP-MENTDI6" failures="0" tests="1" name="testngpack.Dragndrop" time="10.110" errors="0" timestamp="2023-02-27T12:28:29 IST" skipped="0">
  <testcase classname="testngpack.Dragndrop" name="test1" time="10.110"/>
  <system-out/>
</testsuite> <!-- testngpack.Dragndrop -->
