<?xml version="1.0" encoding="UTF-8"?>
<!-- Generated by org.testng.reporters.JUnitReportReporter -->
<testsuite hostname="DESKTOP-MENTDI6" failures="0" tests="1" name="tests.Createpagetest" time="9.869" errors="0" timestamp="2023-03-21T10:57:56 IST" skipped="0">
  <testcase classname="tests.Createpagetest" name="testlogin" time="9.869"/>
  <system-out/>
</testsuite> <!-- tests.Createpagetest -->
