<?xml version="1.0" encoding="UTF-8"?>
<!-- Generated by org.testng.reporters.JUnitReportReporter -->
<testsuite hostname="DESKTOP-MENTDI6" failures="0" tests="1" name="testngpack.Makemytripdate" time="11.238" errors="0" timestamp="2023-04-08T17:53:59 IST" skipped="0">
  <testcase classname="testngpack.Makemytripdate" name="test1" time="11.238"/>
  <system-out/>
</testsuite> <!-- testngpack.Makemytripdate -->
