<?xml version="1.0" encoding="UTF-8"?>
<!-- Generated by org.testng.reporters.JUnitReportReporter -->
<testsuite hostname="DESKTOP-MENTDI6" failures="0" tests="1" name="testngpack.Guru99upload" time="6.124" errors="0" timestamp="2023-03-03T12:56:05 IST" skipped="0">
  <testcase classname="testngpack.Guru99upload" name="test1" time="6.124"/>
  <system-out/>
</testsuite> <!-- testngpack.Guru99upload -->
