<?xml version="1.0" encoding="UTF-8"?>
<!-- Generated by org.testng.reporters.JUnitReportReporter -->
<testsuite hostname="DESKTOP-MENTDI6" failures="0" tests="2" name="testngpack.GRoupin" time="2.510" errors="0" timestamp="2023-02-24T12:34:20 IST" skipped="0">
  <testcase classname="testngpack.GRoupin" name="test1" time="0.767"/>
  <system-out/>
  <testcase classname="testngpack.GRoupin" name="test2" time="1.743"/>
  <system-out/>
</testsuite> <!-- testngpack.GRoupin -->
